[ 2018-06-18T02:00:58+08:00 ] 192.168.0.1 /webnoauth/model.cgi
INFO: [ app_init ] --START--
INFO: Run Behavior\BuildLiteBehavior [ RunTime:0.000041s ]
INFO: [ app_init ] --END-- [ RunTime:0.000751s ]
ERR: 无法加载模块:Webnoauth

[ 2018-06-18T02:00:58+08:00 ] 192.168.0.1 /router/get_rand_key.cgi
INFO: [ app_init ] --START--
INFO: Run Behavior\BuildLiteBehavior [ RunTime:0.000060s ]
INFO: [ app_init ] --END-- [ RunTime:0.001018s ]
ERR: 无法加载模块:Router

[ 2018-06-18T02:00:58+08:00 ] 192.168.0.1 /router/get_rand_key.cgi
INFO: [ app_init ] --START--
INFO: Run Behavior\BuildLiteBehavior [ RunTime:0.000031s ]
INFO: [ app_init ] --END-- [ RunTime:0.000523s ]
ERR: 无法加载模块:Router

[ 2018-06-18T02:00:58+08:00 ] 192.168.0.1 /router/get_rand_key.cgi
INFO: [ app_init ] --START--
INFO: Run Behavior\BuildLiteBehavior [ RunTime:0.000031s ]
INFO: [ app_init ] --END-- [ RunTime:0.000526s ]
ERR: 无法加载模块:Router

[ 2018-06-18T02:00:58+08:00 ] 192.168.0.1 /router/get_rand_key.cgi
INFO: [ app_init ] --START--
INFO: Run Behavior\BuildLiteBehavior [ RunTime:0.000032s ]
INFO: [ app_init ] --END-- [ RunTime:0.000552s ]
ERR: 无法加载模块:Router

[ 2018-06-18T02:01:03+08:00 ] 192.168.0.1 /webnoauth/model.cgi
INFO: [ app_init ] --START--
INFO: Run Behavior\BuildLiteBehavior [ RunTime:0.000059s ]
INFO: [ app_init ] --END-- [ RunTime:0.001085s ]
ERR: 无法加载模块:Webnoauth

[ 2018-06-18T02:01:03+08:00 ] 192.168.0.1 /router/get_rand_key.cgi
INFO: [ app_init ] --START--
INFO: Run Behavior\BuildLiteBehavior [ RunTime:0.000040s ]
INFO: [ app_init ] --END-- [ RunTime:0.000555s ]
ERR: 无法加载模块:Router

[ 2018-06-18T02:01:03+08:00 ] 192.168.0.1 /router/get_rand_key.cgi
INFO: [ app_init ] --START--
INFO: Run Behavior\BuildLiteBehavior [ RunTime:0.000031s ]
INFO: [ app_init ] --END-- [ RunTime:0.000547s ]
ERR: 无法加载模块:Router

[ 2018-06-18T02:01:03+08:00 ] 192.168.0.1 /router/get_rand_key.cgi
INFO: [ app_init ] --START--
INFO: Run Behavior\BuildLiteBehavior [ RunTime:0.000031s ]
INFO: [ app_init ] --END-- [ RunTime:0.000547s ]
ERR: 无法加载模块:Router

[ 2018-06-18T02:01:03+08:00 ] 192.168.0.1 /router/get_rand_key.cgi
INFO: [ app_init ] --START--
INFO: Run Behavior\BuildLiteBehavior [ RunTime:0.000032s ]
INFO: [ app_init ] --END-- [ RunTime:0.000523s ]
ERR: 无法加载模块:Router

[ 2018-06-18T02:03:36+08:00 ] 192.168.0.1 /webnoauth/model.cgi
INFO: [ app_init ] --START--
INFO: Run Behavior\BuildLiteBehavior [ RunTime:0.000062s ]
INFO: [ app_init ] --END-- [ RunTime:0.001010s ]
ERR: 无法加载模块:Webnoauth

[ 2018-06-18T02:03:36+08:00 ] 192.168.0.1 /router/get_rand_key.cgi
INFO: [ app_init ] --START--
INFO: Run Behavior\BuildLiteBehavior [ RunTime:0.000031s ]
INFO: [ app_init ] --END-- [ RunTime:0.000590s ]
ERR: 无法加载模块:Router

[ 2018-06-18T02:03:36+08:00 ] 192.168.0.1 /router/get_rand_key.cgi
INFO: [ app_init ] --START--
INFO: Run Behavior\BuildLiteBehavior [ RunTime:0.000032s ]
INFO: [ app_init ] --END-- [ RunTime:0.000522s ]
ERR: 无法加载模块:Router

[ 2018-06-18T02:03:36+08:00 ] 192.168.0.1 /router/get_rand_key.cgi
INFO: [ app_init ] --START--
INFO: Run Behavior\BuildLiteBehavior [ RunTime:0.000031s ]
INFO: [ app_init ] --END-- [ RunTime:0.000533s ]
ERR: 无法加载模块:Router

[ 2018-06-18T02:03:36+08:00 ] 192.168.0.1 /router/get_rand_key.cgi
INFO: [ app_init ] --START--
INFO: Run Behavior\BuildLiteBehavior [ RunTime:0.000032s ]
INFO: [ app_init ] --END-- [ RunTime:0.000590s ]
ERR: 无法加载模块:Router

[ 2018-06-18T04:03:14+08:00 ] 192.168.0.1 /webnoauth/model.cgi
INFO: [ app_init ] --START--
INFO: Run Behavior\BuildLiteBehavior [ RunTime:0.000036s ]
INFO: [ app_init ] --END-- [ RunTime:0.000658s ]
ERR: 无法加载模块:Webnoauth

[ 2018-06-18T04:03:14+08:00 ] 192.168.0.1 /router/get_rand_key.cgi
INFO: [ app_init ] --START--
INFO: Run Behavior\BuildLiteBehavior [ RunTime:0.000034s ]
INFO: [ app_init ] --END-- [ RunTime:0.000589s ]
ERR: 无法加载模块:Router

[ 2018-06-18T04:03:14+08:00 ] 192.168.0.1 /router/get_rand_key.cgi
INFO: [ app_init ] --START--
INFO: Run Behavior\BuildLiteBehavior [ RunTime:0.000036s ]
INFO: [ app_init ] --END-- [ RunTime:0.000635s ]
ERR: 无法加载模块:Router

[ 2018-06-18T04:03:14+08:00 ] 192.168.0.1 /router/get_rand_key.cgi
INFO: [ app_init ] --START--
INFO: Run Behavior\BuildLiteBehavior [ RunTime:0.000037s ]
INFO: [ app_init ] --END-- [ RunTime:0.000653s ]
ERR: 无法加载模块:Router

[ 2018-06-18T04:03:14+08:00 ] 192.168.0.1 /router/get_rand_key.cgi
INFO: [ app_init ] --START--
INFO: Run Behavior\BuildLiteBehavior [ RunTime:0.000059s ]
INFO: [ app_init ] --END-- [ RunTime:0.000824s ]
ERR: 无法加载模块:Router

[ 2018-06-18T04:03:28+08:00 ] 192.168.0.1 /webnoauth/model.cgi
INFO: [ app_init ] --START--
INFO: Run Behavior\BuildLiteBehavior [ RunTime:0.000062s ]
INFO: [ app_init ] --END-- [ RunTime:0.000872s ]
ERR: 无法加载模块:Webnoauth

[ 2018-06-18T04:03:28+08:00 ] 192.168.0.1 /router/get_rand_key.cgi
INFO: [ app_init ] --START--
INFO: Run Behavior\BuildLiteBehavior [ RunTime:0.000038s ]
INFO: [ app_init ] --END-- [ RunTime:0.000679s ]
ERR: 无法加载模块:Router

[ 2018-06-18T04:03:28+08:00 ] 192.168.0.1 /router/get_rand_key.cgi
INFO: [ app_init ] --START--
INFO: Run Behavior\BuildLiteBehavior [ RunTime:0.000034s ]
INFO: [ app_init ] --END-- [ RunTime:0.000647s ]
ERR: 无法加载模块:Router

[ 2018-06-18T04:03:28+08:00 ] 192.168.0.1 /router/get_rand_key.cgi
INFO: [ app_init ] --START--
INFO: Run Behavior\BuildLiteBehavior [ RunTime:0.000038s ]
INFO: [ app_init ] --END-- [ RunTime:0.000704s ]
ERR: 无法加载模块:Router

[ 2018-06-18T04:03:28+08:00 ] 192.168.0.1 /router/get_rand_key.cgi
INFO: [ app_init ] --START--
INFO: Run Behavior\BuildLiteBehavior [ RunTime:0.000037s ]
INFO: [ app_init ] --END-- [ RunTime:0.000669s ]
ERR: 无法加载模块:Router

[ 2018-06-18T04:03:32+08:00 ] 192.168.0.1 /webnoauth/model.cgi
INFO: [ app_init ] --START--
INFO: Run Behavior\BuildLiteBehavior [ RunTime:0.000034s ]
INFO: [ app_init ] --END-- [ RunTime:0.000675s ]
ERR: 无法加载模块:Webnoauth

[ 2018-06-18T04:03:32+08:00 ] 192.168.0.1 /router/get_rand_key.cgi
INFO: [ app_init ] --START--
INFO: Run Behavior\BuildLiteBehavior [ RunTime:0.000034s ]
INFO: [ app_init ] --END-- [ RunTime:0.000541s ]
ERR: 无法加载模块:Router

[ 2018-06-18T04:03:32+08:00 ] 192.168.0.1 /router/get_rand_key.cgi
INFO: [ app_init ] --START--
INFO: Run Behavior\BuildLiteBehavior [ RunTime:0.000052s ]
INFO: [ app_init ] --END-- [ RunTime:0.000633s ]
ERR: 无法加载模块:Router

[ 2018-06-18T04:03:32+08:00 ] 192.168.0.1 /router/get_rand_key.cgi
INFO: [ app_init ] --START--
INFO: Run Behavior\BuildLiteBehavior [ RunTime:0.000031s ]
INFO: [ app_init ] --END-- [ RunTime:0.000532s ]
ERR: 无法加载模块:Router

[ 2018-06-18T04:03:32+08:00 ] 192.168.0.1 /router/get_rand_key.cgi
INFO: [ app_init ] --START--
INFO: Run Behavior\BuildLiteBehavior [ RunTime:0.000061s ]
INFO: [ app_init ] --END-- [ RunTime:0.000713s ]
ERR: 无法加载模块:Router

[ 2018-06-18T04:03:52+08:00 ] 192.168.0.1 /webnoauth/model.cgi
INFO: [ app_init ] --START--
INFO: Run Behavior\BuildLiteBehavior [ RunTime:0.000040s ]
INFO: [ app_init ] --END-- [ RunTime:0.000793s ]
ERR: 无法加载模块:Webnoauth

[ 2018-06-18T04:03:52+08:00 ] 192.168.0.1 /router/get_rand_key.cgi
INFO: [ app_init ] --START--
INFO: Run Behavior\BuildLiteBehavior [ RunTime:0.000037s ]
INFO: [ app_init ] --END-- [ RunTime:0.000635s ]
ERR: 无法加载模块:Router

[ 2018-06-18T04:03:52+08:00 ] 192.168.0.1 /router/get_rand_key.cgi
INFO: [ app_init ] --START--
INFO: Run Behavior\BuildLiteBehavior [ RunTime:0.000034s ]
INFO: [ app_init ] --END-- [ RunTime:0.000593s ]
ERR: 无法加载模块:Router

[ 2018-06-18T04:03:52+08:00 ] 192.168.0.1 /router/get_rand_key.cgi
INFO: [ app_init ] --START--
INFO: Run Behavior\BuildLiteBehavior [ RunTime:0.000033s ]
INFO: [ app_init ] --END-- [ RunTime:0.000565s ]
ERR: 无法加载模块:Router

[ 2018-06-18T04:03:52+08:00 ] 192.168.0.1 /router/get_rand_key.cgi
INFO: [ app_init ] --START--
INFO: Run Behavior\BuildLiteBehavior [ RunTime:0.000033s ]
INFO: [ app_init ] --END-- [ RunTime:0.000559s ]
ERR: 无法加载模块:Router

[ 2018-06-18T04:04:30+08:00 ] 192.168.0.1 /webnoauth/model.cgi
INFO: [ app_init ] --START--
INFO: Run Behavior\BuildLiteBehavior [ RunTime:0.000032s ]
INFO: [ app_init ] --END-- [ RunTime:0.000571s ]
ERR: 无法加载模块:Webnoauth

[ 2018-06-18T04:04:30+08:00 ] 192.168.0.1 /router/get_rand_key.cgi
INFO: [ app_init ] --START--
INFO: Run Behavior\BuildLiteBehavior [ RunTime:0.000031s ]
INFO: [ app_init ] --END-- [ RunTime:0.000564s ]
ERR: 无法加载模块:Router

[ 2018-06-18T04:04:30+08:00 ] 192.168.0.1 /router/get_rand_key.cgi
INFO: [ app_init ] --START--
INFO: Run Behavior\BuildLiteBehavior [ RunTime:0.000031s ]
INFO: [ app_init ] --END-- [ RunTime:0.000524s ]
ERR: 无法加载模块:Router

[ 2018-06-18T04:04:30+08:00 ] 192.168.0.1 /router/get_rand_key.cgi
INFO: [ app_init ] --START--
INFO: Run Behavior\BuildLiteBehavior [ RunTime:0.000034s ]
INFO: [ app_init ] --END-- [ RunTime:0.000588s ]
ERR: 无法加载模块:Router

[ 2018-06-18T04:04:30+08:00 ] 192.168.0.1 /router/get_rand_key.cgi
INFO: [ app_init ] --START--
INFO: Run Behavior\BuildLiteBehavior [ RunTime:0.000032s ]
INFO: [ app_init ] --END-- [ RunTime:0.000583s ]
ERR: 无法加载模块:Router

[ 2018-06-18T04:04:54+08:00 ] 192.168.0.1 /webnoauth/model.cgi
INFO: [ app_init ] --START--
INFO: Run Behavior\BuildLiteBehavior [ RunTime:0.000035s ]
INFO: [ app_init ] --END-- [ RunTime:0.000597s ]
ERR: 无法加载模块:Webnoauth

[ 2018-06-18T04:04:54+08:00 ] 192.168.0.1 /router/get_rand_key.cgi
INFO: [ app_init ] --START--
INFO: Run Behavior\BuildLiteBehavior [ RunTime:0.000031s ]
INFO: [ app_init ] --END-- [ RunTime:0.000530s ]
ERR: 无法加载模块:Router

[ 2018-06-18T04:04:54+08:00 ] 192.168.0.1 /router/get_rand_key.cgi
INFO: [ app_init ] --START--
INFO: Run Behavior\BuildLiteBehavior [ RunTime:0.000032s ]
INFO: [ app_init ] --END-- [ RunTime:0.000524s ]
ERR: 无法加载模块:Router

[ 2018-06-18T04:04:54+08:00 ] 192.168.0.1 /router/get_rand_key.cgi
INFO: [ app_init ] --START--
INFO: Run Behavior\BuildLiteBehavior [ RunTime:0.000031s ]
INFO: [ app_init ] --END-- [ RunTime:0.000526s ]
ERR: 无法加载模块:Router

[ 2018-06-18T04:04:54+08:00 ] 192.168.0.1 /router/get_rand_key.cgi
INFO: [ app_init ] --START--
INFO: Run Behavior\BuildLiteBehavior [ RunTime:0.000031s ]
INFO: [ app_init ] --END-- [ RunTime:0.000579s ]
ERR: 无法加载模块:Router

[ 2018-06-18T04:05:06+08:00 ] 192.168.0.1 /webnoauth/model.cgi
INFO: [ app_init ] --START--
INFO: Run Behavior\BuildLiteBehavior [ RunTime:0.000033s ]
INFO: [ app_init ] --END-- [ RunTime:0.000571s ]
ERR: 无法加载模块:Webnoauth

[ 2018-06-18T04:05:06+08:00 ] 192.168.0.1 /router/get_rand_key.cgi
INFO: [ app_init ] --START--
INFO: Run Behavior\BuildLiteBehavior [ RunTime:0.000032s ]
INFO: [ app_init ] --END-- [ RunTime:0.000555s ]
ERR: 无法加载模块:Router

[ 2018-06-18T04:05:06+08:00 ] 192.168.0.1 /router/get_rand_key.cgi
INFO: [ app_init ] --START--
INFO: Run Behavior\BuildLiteBehavior [ RunTime:0.000031s ]
INFO: [ app_init ] --END-- [ RunTime:0.000546s ]
ERR: 无法加载模块:Router

[ 2018-06-18T04:05:06+08:00 ] 192.168.0.1 /router/get_rand_key.cgi
INFO: [ app_init ] --START--
INFO: Run Behavior\BuildLiteBehavior [ RunTime:0.000049s ]
INFO: [ app_init ] --END-- [ RunTime:0.000558s ]
ERR: 无法加载模块:Router

[ 2018-06-18T04:05:06+08:00 ] 192.168.0.1 /router/get_rand_key.cgi
INFO: [ app_init ] --START--
INFO: Run Behavior\BuildLiteBehavior [ RunTime:0.000032s ]
INFO: [ app_init ] --END-- [ RunTime:0.000554s ]
ERR: 无法加载模块:Router

[ 2018-06-18T04:05:17+08:00 ] 192.168.0.1 /webnoauth/model.cgi
INFO: [ app_init ] --START--
INFO: Run Behavior\BuildLiteBehavior [ RunTime:0.000032s ]
INFO: [ app_init ] --END-- [ RunTime:0.000587s ]
ERR: 无法加载模块:Webnoauth

[ 2018-06-18T04:05:17+08:00 ] 192.168.0.1 /router/get_rand_key.cgi
INFO: [ app_init ] --START--
INFO: Run Behavior\BuildLiteBehavior [ RunTime:0.000031s ]
INFO: [ app_init ] --END-- [ RunTime:0.000551s ]
ERR: 无法加载模块:Router

[ 2018-06-18T04:05:17+08:00 ] 192.168.0.1 /router/get_rand_key.cgi
INFO: [ app_init ] --START--
INFO: Run Behavior\BuildLiteBehavior [ RunTime:0.000051s ]
INFO: [ app_init ] --END-- [ RunTime:0.000872s ]
ERR: 无法加载模块:Router

[ 2018-06-18T04:05:17+08:00 ] 192.168.0.1 /router/get_rand_key.cgi
INFO: [ app_init ] --START--
INFO: Run Behavior\BuildLiteBehavior [ RunTime:0.000031s ]
INFO: [ app_init ] --END-- [ RunTime:0.000554s ]
ERR: 无法加载模块:Router

[ 2018-06-18T04:05:17+08:00 ] 192.168.0.1 /router/get_rand_key.cgi
INFO: [ app_init ] --START--
INFO: Run Behavior\BuildLiteBehavior [ RunTime:0.000048s ]
INFO: [ app_init ] --END-- [ RunTime:0.000612s ]
ERR: 无法加载模块:Router

[ 2018-06-18T04:05:22+08:00 ] 192.168.0.1 /webnoauth/model.cgi
INFO: [ app_init ] --START--
INFO: Run Behavior\BuildLiteBehavior [ RunTime:0.000038s ]
INFO: [ app_init ] --END-- [ RunTime:0.000740s ]
ERR: 无法加载模块:Webnoauth

[ 2018-06-18T04:05:22+08:00 ] 192.168.0.1 /router/get_rand_key.cgi
INFO: [ app_init ] --START--
INFO: Run Behavior\BuildLiteBehavior [ RunTime:0.000059s ]
INFO: [ app_init ] --END-- [ RunTime:0.000915s ]
ERR: 无法加载模块:Router

[ 2018-06-18T04:05:22+08:00 ] 192.168.0.1 /router/get_rand_key.cgi
INFO: [ app_init ] --START--
INFO: Run Behavior\BuildLiteBehavior [ RunTime:0.000059s ]
INFO: [ app_init ] --END-- [ RunTime:0.000704s ]
ERR: 无法加载模块:Router

[ 2018-06-18T04:05:22+08:00 ] 192.168.0.1 /router/get_rand_key.cgi
INFO: [ app_init ] --START--
INFO: Run Behavior\BuildLiteBehavior [ RunTime:0.000070s ]
INFO: [ app_init ] --END-- [ RunTime:0.001155s ]
ERR: 无法加载模块:Router

[ 2018-06-18T04:05:22+08:00 ] 192.168.0.1 /router/get_rand_key.cgi
INFO: [ app_init ] --START--
INFO: Run Behavior\BuildLiteBehavior [ RunTime:0.000038s ]
INFO: [ app_init ] --END-- [ RunTime:0.000664s ]
ERR: 无法加载模块:Router

[ 2018-06-18T04:07:13+08:00 ] 192.168.0.1 /webnoauth/model.cgi
INFO: [ app_init ] --START--
INFO: Run Behavior\BuildLiteBehavior [ RunTime:0.000067s ]
INFO: [ app_init ] --END-- [ RunTime:0.001550s ]
ERR: 无法加载模块:Webnoauth

[ 2018-06-18T04:07:13+08:00 ] 192.168.0.1 /router/get_rand_key.cgi
INFO: [ app_init ] --START--
INFO: Run Behavior\BuildLiteBehavior [ RunTime:0.000067s ]
INFO: [ app_init ] --END-- [ RunTime:0.001015s ]
ERR: 无法加载模块:Router

[ 2018-06-18T04:07:13+08:00 ] 192.168.0.1 /router/get_rand_key.cgi
INFO: [ app_init ] --START--
INFO: Run Behavior\BuildLiteBehavior [ RunTime:0.000038s ]
INFO: [ app_init ] --END-- [ RunTime:0.000897s ]
ERR: 无法加载模块:Router

[ 2018-06-18T04:07:13+08:00 ] 192.168.0.1 /router/get_rand_key.cgi
INFO: [ app_init ] --START--
INFO: Run Behavior\BuildLiteBehavior [ RunTime:0.000037s ]
INFO: [ app_init ] --END-- [ RunTime:0.000597s ]
ERR: 无法加载模块:Router

[ 2018-06-18T04:07:13+08:00 ] 192.168.0.1 /router/get_rand_key.cgi
INFO: [ app_init ] --START--
INFO: Run Behavior\BuildLiteBehavior [ RunTime:0.000038s ]
INFO: [ app_init ] --END-- [ RunTime:0.000798s ]
ERR: 无法加载模块:Router

[ 2018-06-18T22:35:07+08:00 ] 192.168.0.1 /webnoauth/model.cgi
INFO: [ app_init ] --START--
INFO: Run Behavior\BuildLiteBehavior [ RunTime:0.000040s ]
INFO: [ app_init ] --END-- [ RunTime:0.000724s ]
ERR: 无法加载模块:Webnoauth

[ 2018-06-18T22:35:07+08:00 ] 192.168.0.1 /router/get_rand_key.cgi
INFO: [ app_init ] --START--
INFO: Run Behavior\BuildLiteBehavior [ RunTime:0.000037s ]
INFO: [ app_init ] --END-- [ RunTime:0.000826s ]
ERR: 无法加载模块:Router

[ 2018-06-18T22:35:07+08:00 ] 192.168.0.1 /router/get_rand_key.cgi
INFO: [ app_init ] --START--
INFO: Run Behavior\BuildLiteBehavior [ RunTime:0.000144s ]
INFO: [ app_init ] --END-- [ RunTime:0.000756s ]
ERR: 无法加载模块:Router

[ 2018-06-18T22:35:07+08:00 ] 192.168.0.1 /router/get_rand_key.cgi
INFO: [ app_init ] --START--
INFO: Run Behavior\BuildLiteBehavior [ RunTime:0.000032s ]
INFO: [ app_init ] --END-- [ RunTime:0.000583s ]
ERR: 无法加载模块:Router

[ 2018-06-18T22:35:07+08:00 ] 192.168.0.1 /router/get_rand_key.cgi
INFO: [ app_init ] --START--
INFO: Run Behavior\BuildLiteBehavior [ RunTime:0.000060s ]
INFO: [ app_init ] --END-- [ RunTime:0.001026s ]
ERR: 无法加载模块:Router

[ 2018-06-18T22:35:58+08:00 ] 192.168.0.1 /webnoauth/model.cgi
INFO: [ app_init ] --START--
INFO: Run Behavior\BuildLiteBehavior [ RunTime:0.000035s ]
INFO: [ app_init ] --END-- [ RunTime:0.000573s ]
ERR: 无法加载模块:Webnoauth

[ 2018-06-18T22:35:58+08:00 ] 192.168.0.1 /router/get_rand_key.cgi
INFO: [ app_init ] --START--
INFO: Run Behavior\BuildLiteBehavior [ RunTime:0.000032s ]
INFO: [ app_init ] --END-- [ RunTime:0.000548s ]
ERR: 无法加载模块:Router

[ 2018-06-18T22:35:58+08:00 ] 192.168.0.1 /router/get_rand_key.cgi
INFO: [ app_init ] --START--
INFO: Run Behavior\BuildLiteBehavior [ RunTime:0.000033s ]
INFO: [ app_init ] --END-- [ RunTime:0.000595s ]
ERR: 无法加载模块:Router

[ 2018-06-18T22:35:58+08:00 ] 192.168.0.1 /router/get_rand_key.cgi
INFO: [ app_init ] --START--
INFO: Run Behavior\BuildLiteBehavior [ RunTime:0.000032s ]
INFO: [ app_init ] --END-- [ RunTime:0.000551s ]
ERR: 无法加载模块:Router

[ 2018-06-18T22:35:58+08:00 ] 192.168.0.1 /router/get_rand_key.cgi
INFO: [ app_init ] --START--
INFO: Run Behavior\BuildLiteBehavior [ RunTime:0.000033s ]
INFO: [ app_init ] --END-- [ RunTime:0.000588s ]
ERR: 无法加载模块:Router

[ 2018-06-18T22:36:12+08:00 ] 192.168.0.1 /webnoauth/model.cgi
INFO: [ app_init ] --START--
INFO: Run Behavior\BuildLiteBehavior [ RunTime:0.000033s ]
INFO: [ app_init ] --END-- [ RunTime:0.000572s ]
ERR: 无法加载模块:Webnoauth

[ 2018-06-18T22:36:12+08:00 ] 192.168.0.1 /router/get_rand_key.cgi
INFO: [ app_init ] --START--
INFO: Run Behavior\BuildLiteBehavior [ RunTime:0.000052s ]
INFO: [ app_init ] --END-- [ RunTime:0.001187s ]
ERR: 无法加载模块:Router

[ 2018-06-18T22:36:12+08:00 ] 192.168.0.1 /router/get_rand_key.cgi
INFO: [ app_init ] --START--
INFO: Run Behavior\BuildLiteBehavior [ RunTime:0.000037s ]
INFO: [ app_init ] --END-- [ RunTime:0.000757s ]
ERR: 无法加载模块:Router

[ 2018-06-18T22:36:12+08:00 ] 192.168.0.1 /router/get_rand_key.cgi
INFO: [ app_init ] --START--
INFO: Run Behavior\BuildLiteBehavior [ RunTime:0.000033s ]
INFO: [ app_init ] --END-- [ RunTime:0.000594s ]
ERR: 无法加载模块:Router

[ 2018-06-18T22:36:12+08:00 ] 192.168.0.1 /router/get_rand_key.cgi
INFO: [ app_init ] --START--
INFO: Run Behavior\BuildLiteBehavior [ RunTime:0.000033s ]
INFO: [ app_init ] --END-- [ RunTime:0.000609s ]
ERR: 无法加载模块:Router

[ 2018-06-18T22:36:26+08:00 ] 192.168.0.1 /webnoauth/model.cgi
INFO: [ app_init ] --START--
INFO: Run Behavior\BuildLiteBehavior [ RunTime:0.000045s ]
INFO: [ app_init ] --END-- [ RunTime:0.000571s ]
ERR: 无法加载模块:Webnoauth

[ 2018-06-18T22:36:26+08:00 ] 192.168.0.1 /router/get_rand_key.cgi
INFO: [ app_init ] --START--
INFO: Run Behavior\BuildLiteBehavior [ RunTime:0.000048s ]
INFO: [ app_init ] --END-- [ RunTime:0.000628s ]
ERR: 无法加载模块:Router

[ 2018-06-18T22:36:26+08:00 ] 192.168.0.1 /router/get_rand_key.cgi
INFO: [ app_init ] --START--
INFO: Run Behavior\BuildLiteBehavior [ RunTime:0.000040s ]
INFO: [ app_init ] --END-- [ RunTime:0.000587s ]
ERR: 无法加载模块:Router

[ 2018-06-18T22:36:26+08:00 ] 192.168.0.1 /router/get_rand_key.cgi
INFO: [ app_init ] --START--
INFO: Run Behavior\BuildLiteBehavior [ RunTime:0.000032s ]
INFO: [ app_init ] --END-- [ RunTime:0.000556s ]
ERR: 无法加载模块:Router

[ 2018-06-18T22:36:26+08:00 ] 192.168.0.1 /router/get_rand_key.cgi
INFO: [ app_init ] --START--
INFO: Run Behavior\BuildLiteBehavior [ RunTime:0.000039s ]
INFO: [ app_init ] --END-- [ RunTime:0.000728s ]
ERR: 无法加载模块:Router

[ 2018-06-18T22:36:38+08:00 ] 192.168.0.1 /webnoauth/model.cgi
INFO: [ app_init ] --START--
INFO: Run Behavior\BuildLiteBehavior [ RunTime:0.000033s ]
INFO: [ app_init ] --END-- [ RunTime:0.000562s ]
ERR: 无法加载模块:Webnoauth

[ 2018-06-18T22:36:38+08:00 ] 192.168.0.1 /router/get_rand_key.cgi
INFO: [ app_init ] --START--
INFO: Run Behavior\BuildLiteBehavior [ RunTime:0.000033s ]
INFO: [ app_init ] --END-- [ RunTime:0.000787s ]
ERR: 无法加载模块:Router

[ 2018-06-18T22:36:38+08:00 ] 192.168.0.1 /router/get_rand_key.cgi
INFO: [ app_init ] --START--
INFO: Run Behavior\BuildLiteBehavior [ RunTime:0.000033s ]
INFO: [ app_init ] --END-- [ RunTime:0.000578s ]
ERR: 无法加载模块:Router

[ 2018-06-18T22:36:38+08:00 ] 192.168.0.1 /router/get_rand_key.cgi
INFO: [ app_init ] --START--
INFO: Run Behavior\BuildLiteBehavior [ RunTime:0.000037s ]
INFO: [ app_init ] --END-- [ RunTime:0.000674s ]
ERR: 无法加载模块:Router

[ 2018-06-18T22:36:38+08:00 ] 192.168.0.1 /router/get_rand_key.cgi
INFO: [ app_init ] --START--
INFO: Run Behavior\BuildLiteBehavior [ RunTime:0.000033s ]
INFO: [ app_init ] --END-- [ RunTime:0.000576s ]
ERR: 无法加载模块:Router

[ 2018-06-18T22:36:55+08:00 ] 192.168.0.1 /webnoauth/model.cgi
INFO: [ app_init ] --START--
INFO: Run Behavior\BuildLiteBehavior [ RunTime:0.000032s ]
INFO: [ app_init ] --END-- [ RunTime:0.000560s ]
ERR: 无法加载模块:Webnoauth

[ 2018-06-18T22:36:55+08:00 ] 192.168.0.1 /router/get_rand_key.cgi
INFO: [ app_init ] --START--
INFO: Run Behavior\BuildLiteBehavior [ RunTime:0.000033s ]
INFO: [ app_init ] --END-- [ RunTime:0.000615s ]
ERR: 无法加载模块:Router

[ 2018-06-18T22:36:55+08:00 ] 192.168.0.1 /router/get_rand_key.cgi
INFO: [ app_init ] --START--
INFO: Run Behavior\BuildLiteBehavior [ RunTime:0.000032s ]
INFO: [ app_init ] --END-- [ RunTime:0.000557s ]
ERR: 无法加载模块:Router

[ 2018-06-18T22:36:55+08:00 ] 192.168.0.1 /router/get_rand_key.cgi
INFO: [ app_init ] --START--
INFO: Run Behavior\BuildLiteBehavior [ RunTime:0.000034s ]
INFO: [ app_init ] --END-- [ RunTime:0.000588s ]
ERR: 无法加载模块:Router

[ 2018-06-18T22:36:55+08:00 ] 192.168.0.1 /router/get_rand_key.cgi
INFO: [ app_init ] --START--
INFO: Run Behavior\BuildLiteBehavior [ RunTime:0.000033s ]
INFO: [ app_init ] --END-- [ RunTime:0.000603s ]
ERR: 无法加载模块:Router

[ 2018-06-18T22:37:06+08:00 ] 192.168.0.1 /webnoauth/model.cgi
INFO: [ app_init ] --START--
INFO: Run Behavior\BuildLiteBehavior [ RunTime:0.000032s ]
INFO: [ app_init ] --END-- [ RunTime:0.000555s ]
ERR: 无法加载模块:Webnoauth

[ 2018-06-18T22:37:06+08:00 ] 192.168.0.1 /router/get_rand_key.cgi
INFO: [ app_init ] --START--
INFO: Run Behavior\BuildLiteBehavior [ RunTime:0.000036s ]
INFO: [ app_init ] --END-- [ RunTime:0.000571s ]
ERR: 无法加载模块:Router

[ 2018-06-18T22:37:06+08:00 ] 192.168.0.1 /router/get_rand_key.cgi
INFO: [ app_init ] --START--
INFO: Run Behavior\BuildLiteBehavior [ RunTime:0.000031s ]
INFO: [ app_init ] --END-- [ RunTime:0.000533s ]
ERR: 无法加载模块:Router

[ 2018-06-18T22:37:06+08:00 ] 192.168.0.1 /router/get_rand_key.cgi
INFO: [ app_init ] --START--
INFO: Run Behavior\BuildLiteBehavior [ RunTime:0.000032s ]
INFO: [ app_init ] --END-- [ RunTime:0.000535s ]
ERR: 无法加载模块:Router

[ 2018-06-18T22:37:06+08:00 ] 192.168.0.1 /router/get_rand_key.cgi
INFO: [ app_init ] --START--
INFO: Run Behavior\BuildLiteBehavior [ RunTime:0.000032s ]
INFO: [ app_init ] --END-- [ RunTime:0.000579s ]
ERR: 无法加载模块:Router

[ 2018-06-18T22:37:30+08:00 ] 192.168.0.1 /webnoauth/model.cgi
INFO: [ app_init ] --START--
INFO: Run Behavior\BuildLiteBehavior [ RunTime:0.000034s ]
INFO: [ app_init ] --END-- [ RunTime:0.000655s ]
ERR: 无法加载模块:Webnoauth

[ 2018-06-18T22:37:30+08:00 ] 192.168.0.1 /router/get_rand_key.cgi
INFO: [ app_init ] --START--
INFO: Run Behavior\BuildLiteBehavior [ RunTime:0.000036s ]
INFO: [ app_init ] --END-- [ RunTime:0.000643s ]
ERR: 无法加载模块:Router

[ 2018-06-18T22:37:30+08:00 ] 192.168.0.1 /router/get_rand_key.cgi
INFO: [ app_init ] --START--
INFO: Run Behavior\BuildLiteBehavior [ RunTime:0.000032s ]
INFO: [ app_init ] --END-- [ RunTime:0.000576s ]
ERR: 无法加载模块:Router

[ 2018-06-18T22:37:30+08:00 ] 192.168.0.1 /router/get_rand_key.cgi
INFO: [ app_init ] --START--
INFO: Run Behavior\BuildLiteBehavior [ RunTime:0.000032s ]
INFO: [ app_init ] --END-- [ RunTime:0.000595s ]
ERR: 无法加载模块:Router

[ 2018-06-18T22:37:30+08:00 ] 192.168.0.1 /router/get_rand_key.cgi
INFO: [ app_init ] --START--
INFO: Run Behavior\BuildLiteBehavior [ RunTime:0.000033s ]
INFO: [ app_init ] --END-- [ RunTime:0.000555s ]
ERR: 无法加载模块:Router

[ 2018-06-18T22:37:44+08:00 ] 192.168.0.1 /webnoauth/model.cgi
INFO: [ app_init ] --START--
INFO: Run Behavior\BuildLiteBehavior [ RunTime:0.000035s ]
INFO: [ app_init ] --END-- [ RunTime:0.000576s ]
ERR: 无法加载模块:Webnoauth

[ 2018-06-18T22:37:44+08:00 ] 192.168.0.1 /router/get_rand_key.cgi
INFO: [ app_init ] --START--
INFO: Run Behavior\BuildLiteBehavior [ RunTime:0.000035s ]
INFO: [ app_init ] --END-- [ RunTime:0.000584s ]
ERR: 无法加载模块:Router

[ 2018-06-18T22:37:44+08:00 ] 192.168.0.1 /router/get_rand_key.cgi
INFO: [ app_init ] --START--
INFO: Run Behavior\BuildLiteBehavior [ RunTime:0.000033s ]
INFO: [ app_init ] --END-- [ RunTime:0.000561s ]
ERR: 无法加载模块:Router

[ 2018-06-18T22:37:44+08:00 ] 192.168.0.1 /router/get_rand_key.cgi
INFO: [ app_init ] --START--
INFO: Run Behavior\BuildLiteBehavior [ RunTime:0.000032s ]
INFO: [ app_init ] --END-- [ RunTime:0.000550s ]
ERR: 无法加载模块:Router

[ 2018-06-18T22:37:44+08:00 ] 192.168.0.1 /router/get_rand_key.cgi
INFO: [ app_init ] --START--
INFO: Run Behavior\BuildLiteBehavior [ RunTime:0.000033s ]
INFO: [ app_init ] --END-- [ RunTime:0.000567s ]
ERR: 无法加载模块:Router

[ 2018-06-18T22:38:11+08:00 ] 192.168.0.1 /webnoauth/model.cgi
INFO: [ app_init ] --START--
INFO: Run Behavior\BuildLiteBehavior [ RunTime:0.000033s ]
INFO: [ app_init ] --END-- [ RunTime:0.000605s ]
ERR: 无法加载模块:Webnoauth

[ 2018-06-18T22:38:11+08:00 ] 192.168.0.1 /router/get_rand_key.cgi
INFO: [ app_init ] --START--
INFO: Run Behavior\BuildLiteBehavior [ RunTime:0.000037s ]
INFO: [ app_init ] --END-- [ RunTime:0.000818s ]
ERR: 无法加载模块:Router

[ 2018-06-18T22:38:11+08:00 ] 192.168.0.1 /router/get_rand_key.cgi
INFO: [ app_init ] --START--
INFO: Run Behavior\BuildLiteBehavior [ RunTime:0.000033s ]
INFO: [ app_init ] --END-- [ RunTime:0.000558s ]
ERR: 无法加载模块:Router

[ 2018-06-18T22:38:11+08:00 ] 192.168.0.1 /router/get_rand_key.cgi
INFO: [ app_init ] --START--
INFO: Run Behavior\BuildLiteBehavior [ RunTime:0.000035s ]
INFO: [ app_init ] --END-- [ RunTime:0.000572s ]
ERR: 无法加载模块:Router

[ 2018-06-18T22:38:11+08:00 ] 192.168.0.1 /router/get_rand_key.cgi
INFO: [ app_init ] --START--
INFO: Run Behavior\BuildLiteBehavior [ RunTime:0.000035s ]
INFO: [ app_init ] --END-- [ RunTime:0.000607s ]
ERR: 无法加载模块:Router

